INFO:root:Calling main.run()
INFO:root:Class labels are: 
0 - accident
1 - africa
2 - all
3 - apple
4 - basketball
5 - bed
6 - before
7 - bird
8 - birthday
9 - black
10 - blue
11 - book
12 - bowling
13 - brown
14 - but
15 - can
16 - candy
17 - chair
18 - change
19 - cheat
20 - city
21 - clothes
22 - color
23 - computer
24 - cook
25 - cool
26 - corn
27 - cousin
28 - cow
29 - dance
30 - dark
31 - deaf
32 - decide
33 - doctor
34 - dog
35 - drink
36 - eat
37 - enjoy
38 - family
39 - fine
40 - finish
41 - fish
42 - forget
43 - full
44 - give
45 - go
46 - graduate
47 - hat
48 - hearing
49 - help
50 - hot
51 - how
52 - jacket
53 - kiss
54 - language
55 - last
56 - later
57 - letter
58 - like
59 - man
60 - many
61 - medicine
62 - meet
63 - mother
64 - need
65 - no
66 - now
67 - orange
68 - paint
69 - paper
70 - pink
71 - pizza
72 - play
73 - pull
74 - purple
75 - right
76 - same
77 - school
78 - secretary
79 - shirt
80 - short
81 - son
82 - study
83 - table
84 - tall
85 - tell
86 - thanksgiving
87 - thin
88 - thursday
89 - time
90 - walk
91 - want
92 - what
93 - white
94 - who
95 - woman
96 - work
97 - wrong
98 - year
99 - yes
INFO:root:========================
Epoch: 0 Average loss: 4.5582
INFO:root:Top-1 acc: 1.9380
INFO:root:Top-3 acc: 5.8140
INFO:root:Top-5 acc: 10.4651
INFO:root:Top-10 acc: 19.7674
INFO:root:Top-30 acc: 45.3488
DEBUG:root:mislabelled val. instances: [('32329', 11), ('57941', 94), ('69439', 41), ('13154', 11), ('68132', 96), ('05628', 94), ('11752', 99), ('19255', 99), ('19262', 96), ('63201', 66), ('63789', 5), ('68810', 15), ('05227', 35), ('27213', 11), ('09950', 94), ('43171', 69), ('62166', 39), ('67177', 33), ('12332', 42), ('13710', 66), ('65415', 94), ('65761', 94), ('11305', 15), ('00634', 17), ('70029', 5), ('68093', 94), ('14626', 49), ('70361', 5), ('68364', 35), ('69225', 5), ('57278', 94), ('55356', 11), ('20991', 69), ('08925', 27), ('14888', 94), ('64201', 96), ('14855', 94), ('24960', 86), ('67278', 5), ('67908', 94), ('33286', 66), ('27194', 11), ('49180', 39), ('28074', 99), ('68720', 94), ('01986', 96), ('57640', 39), ('63662', 99), ('70119', 94), ('67829', 94), ('22109', 99), ('08947', 39), ('49173', 94), ('06483', 27), ('09945', 80), ('64082', 99), ('69431', 94), ('56835', 94), ('17097', 66), ('21890', 66), ('57944', 94), ('56552', 99), ('64275', 94), ('63769', 99), ('70234', 94), ('69257', 38), ('53258', 49), ('67578', 66), ('62987', 66), ('24649', 21), ('12320', 94), ('01394', 66), ('12336', 99), ('08429', 39), ('14883', 94), ('62152', 26), ('13708', 94), ('07093', 96), ('05727', 41), ('64210', 11), ('05739', 11), ('10888', 35), ('07400', 66), ('69370', 11), ('17730', 66), ('62975', 66), ('15031', 15), ('38991', 94), ('24857', 26), ('05639', 66), ('14682', 3), ('13334', 99), ('57637', 39), ('17718', 96), ('40816', 11), ('06845', 66), ('68636', 5), ('17713', 94), ('08915', 94), ('67530', 27), ('26984', 99), ('35506', 80), ('07095', 5), ('68320', 5), ('03004', 94), ('49179', 94), ('13635', 94), ('45252', 15), ('34743', 94), ('32950', 5), ('58488', 49), ('32253', 22), ('00625', 5), ('67535', 66), ('62967', 94), ('07072', 96), ('23767', 39), ('63191', 99), ('31750', 5), ('13196', 94), ('64209', 94), ('10159', 11), ('35513', 11), ('05735', 94), ('31749', 73), ('58359', 94), ('51233', 39), ('64297', 39), ('27209', 37), ('62247', 69), ('64293', 86), ('25318', 11), ('65300', 94), ('22954', 94), ('63664', 94), ('13198', 94), ('00635', 66), ('34836', 66), ('50041', 96), ('32258', 41), ('21944', 94), ('69389', 94), ('68336', 58), ('56567', 49), ('63226', 66), ('40126', 96), ('13325', 5), ('42960', 94), ('11311', 15), ('49577', 96), ('02997', 99), ('24636', 94), ('56843', 94), ('45432', 94), ('42953', 94), ('69252', 96), ('06822', 94), ('30830', 96), ('63675', 66), ('50050', 41), ('28201', 11), ('70030', 35), ('57646', 52), ('17020', 49), ('10156', 85), ('70026', 96), ('34822', 15), ('31758', 66), ('38525', 17), ('67519', 66), ('69269', 5), ('51234', 35), ('06370', 11), ('38531', 94), ('68446', 11), ('67715', 21), ('37879', 94), ('07957', 99), ('62160', 41), ('48115', 8), ('28187', 96), ('18326', 96), ('09855', 39), ('28119', 94), ('20976', 11), ('18316', 8), ('65506', 94), ('67722', 37), ('51068', 96), ('70271', 35), ('32157', 72), ('65717', 11), ('66111', 96), ('09867', 96), ('07092', 96), ('06455', 94), ('01996', 39), ('05741', 22), ('69433', 66), ('40114', 99), ('70325', 94), ('06360', 94), ('57273', 59), ('32246', 39), ('08436', 74), ('57943', 94), ('55375', 66), ('17024', 11), ('06481', 66), ('32167', 66), ('11318', 94), ('65884', 94), ('32166', 52), ('42842', 93), ('64097', 66), ('28121', 94), ('14673', 5), ('01386', 94), ('22117', 94), ('51077', 72), ('34685', 99), ('12306', 99), ('01397', 96), ('69440', 21), ('26723', 27), ('42840', 66), ('36927', 35), ('17716', 96), ('70237', 94), ('09847', 96), ('13681', 35), ('67275', 99), ('21933', 15), ('48126', 66), ('08425', 66), ('58502', 49), ('06326', 35), ('41008', 35), ('14621', 11), ('36940', 66), ('67949', 59), ('07383', 52), ('38982', 15), ('34834', 66), ('11772', 8), ('39005', 5), ('14685', 66), ('06335', 94), ('26688', 27), ('68145', 35), ('38482', 96), ('62241', 66), ('51066', 96)]
INFO:root:========================
Epoch: 1 Average loss: 4.4030
INFO:root:Top-1 acc: 3.4884
INFO:root:Top-3 acc: 13.1783
INFO:root:Top-5 acc: 17.8295
INFO:root:Top-10 acc: 30.6202
INFO:root:Top-30 acc: 59.3023
DEBUG:root:mislabelled val. instances: [('57273', 81), ('57640', 35), ('26723', 35), ('40816', 11), ('14621', 35), ('13710', 27), ('51066', 86), ('09847', 21), ('01394', 66), ('64210', 11), ('67535', 35), ('41008', 35), ('12320', 54), ('65506', 16), ('63191', 11), ('21944', 41), ('28074', 35), ('07400', 66), ('68720', 16), ('35513', 11), ('27209', 11), ('06481', 60), ('14855', 35), ('57646', 15), ('06335', 35), ('70030', 35), ('23767', 11), ('49577', 11), ('35506', 11), ('32950', 5), ('38991', 15), ('06326', 35), ('63233', 16), ('07957', 35), ('14888', 16), ('01397', 35), ('06370', 21), ('63662', 35), ('22109', 11), ('64293', 60), ('05639', 15), ('12306', 35), ('13154', 11), ('70026', 27), ('31749', 38), ('65415', 35), ('70029', 35), ('11311', 15), ('57944', 16), ('20976', 15), ('67177', 38), ('58502', 81), ('62241', 15), ('68810', 15), ('22954', 35), ('68145', 35), ('05739', 21), ('34743', 16), ('27194', 11), ('68336', 35), ('64082', 35), ('01996', 11), ('70361', 60), ('33286', 15), ('31758', 15), ('06455', 35), ('34834', 15), ('17024', 11), ('43171', 15), ('62247', 92), ('66111', 11), ('31750', 60), ('05735', 35), ('63769', 35), ('28201', 11), ('48115', 49), ('69257', 66), ('18326', 11), ('28187', 11), ('32258', 66), ('51233', 66), ('13635', 35), ('67949', 35), ('14626', 35), ('13325', 60), ('09950', 11), ('32167', 15), ('13681', 60), ('65761', 35), ('00635', 15), ('69431', 16), ('11318', 11), ('01986', 21), ('24857', 38), ('24960', 60), ('57637', 59), ('67519', 15), ('13708', 35), ('57278', 16), ('64201', 11), ('36940', 15), ('56843', 35), ('06845', 66), ('07095', 15), ('68320', 60), ('42953', 16), ('69389', 11), ('55356', 35), ('32166', 15), ('70325', 60), ('05741', 35), ('06483', 35), ('02997', 35), ('13196', 11), ('42960', 16), ('32157', 15), ('14682', 60), ('28121', 16), ('51234', 11), ('20991', 60), ('67578', 27), ('70271', 60), ('49173', 16), ('08425', 66), ('38482', 15), ('32253', 35), ('63226', 86), ('62975', 15), ('42842', 11), ('11305', 15), ('07383', 21), ('68093', 5), ('27213', 11), ('63664', 35), ('34822', 15), ('62967', 35), ('17716', 97), ('67908', 16), ('67579', 35), ('63201', 21), ('24649', 11), ('68636', 35), ('09855', 21), ('65884', 16), ('40114', 35), ('08429', 86), ('57943', 60), ('40126', 11), ('51077', 72), ('37879', 16), ('49179', 35), ('13334', 35), ('48126', 15), ('14685', 15), ('14673', 15), ('69269', 11), ('22117', 11), ('67829', 16), ('18316', 35), ('69370', 11), ('00625', 35), ('05727', 15), ('38982', 15), ('11772', 35), ('68364', 11), ('70119', 60), ('32329', 11), ('17097', 15), ('49180', 21), ('69439', 21), ('32246', 66), ('68132', 27), ('09867', 35), ('64097', 66), ('70234', 16), ('11752', 35), ('68446', 35), ('56567', 35), ('58359', 16), ('39005', 15), ('34836', 15), ('22126', 21), ('58488', 49), ('08436', 72), ('67722', 11), ('69440', 21), ('64209', 35), ('28119', 35), ('64275', 16), ('63219', 35), ('17020', 49), ('51068', 27), ('55375', 66), ('07072', 21), ('50041', 21), ('19262', 11), ('25318', 11), ('38525', 38), ('15031', 60), ('12332', 35), ('62987', 66), ('12336', 35), ('26984', 35), ('63789', 5), ('19255', 11), ('00634', 15), ('62160', 66), ('67278', 72), ('45252', 15), ('50050', 15), ('64297', 15), ('06360', 16), ('05227', 60), ('10888', 15), ('62152', 15), ('38531', 16), ('10156', 35), ('34685', 35), ('26688', 35), ('69252', 59), ('14883', 41), ('17718', 11), ('45432', 16), ('65717', 11), ('69225', 60), ('21890', 66), ('56552', 35), ('42840', 21), ('67715', 21), ('56835', 35), ('30830', 21), ('62166', 21), ('57941', 16), ('69433', 66), ('08925', 35), ('67275', 35), ('13198', 16), ('10159', 11), ('01386', 35), ('21933', 15), ('24636', 16), ('36927', 35), ('05628', 35), ('09945', 11), ('06366', 11), ('70237', 16), ('67530', 35), ('06822', 16), ('63675', 86)]
INFO:root:========================
Epoch: 2 Average loss: 3.7647
INFO:root:Top-1 acc: 6.2016
INFO:root:Top-3 acc: 19.3798
INFO:root:Top-5 acc: 26.7442
INFO:root:Top-10 acc: 37.9845
INFO:root:Top-30 acc: 74.4186
DEBUG:root:mislabelled val. instances: [('32157', 40), ('00634', 30), ('32246', 11), ('31750', 30), ('70237', 25), ('67829', 35), ('06483', 67), ('64210', 11), ('11311', 30), ('28119', 28), ('18326', 98), ('28201', 11), ('24857', 68), ('63226', 58), ('58502', 69), ('51233', 45), ('19255', 35), ('69440', 45), ('03004', 35), ('63769', 69), ('68636', 35), ('65761', 9), ('33286', 45), ('69257', 92), ('65506', 25), ('13325', 30), ('22117', 35), ('67908', 35), ('37879', 25), ('26984', 35), ('13196', 74), ('67519', 38), ('62967', 47), ('42842', 35), ('12336', 81), ('48115', 69), ('21944', 74), ('32166', 30), ('62247', 92), ('57944', 35), ('64275', 25), ('35513', 68), ('38482', 10), ('34685', 35), ('18316', 67), ('06366', 69), ('69433', 92), ('68364', 11), ('69370', 11), ('66111', 11), ('69431', 35), ('38991', 60), ('08925', 67), ('63219', 35), ('22109', 35), ('24649', 18), ('06455', 35), ('67579', 82), ('19262', 82), ('64097', 58), ('58359', 74), ('34743', 23), ('07957', 67), ('50041', 17), ('08947', 92), ('38531', 25), ('36940', 17), ('13710', 27), ('42840', 58), ('64293', 10), ('70026', 10), ('07400', 45), ('00625', 42), ('20976', 11), ('69269', 11), ('02997', 35), ('11772', 82), ('63662', 67), ('13334', 67), ('24960', 10), ('06481', 10), ('38525', 10), ('05735', 35), ('28187', 11), ('01386', 35), ('49577', 11), ('70234', 25), ('06326', 67), ('00635', 45), ('50050', 68), ('26723', 28), ('20991', 30), ('17097', 45), ('14883', 74), ('49179', 28), ('14621', 82), ('56552', 69), ('07383', 74), ('40126', 69), ('68810', 11), ('14673', 38), ('06822', 25), ('64297', 45), ('11752', 35), ('38982', 15), ('12332', 42), ('56567', 69), ('45252', 68), ('67535', 22), ('08429', 45), ('12306', 69), ('42953', 25), ('63675', 58), ('11318', 11), ('17024', 77), ('06360', 35), ('56835', 35), ('27209', 11), ('70029', 10), ('30830', 73), ('70119', 10), ('62975', 40), ('06370', 58), ('65415', 35), ('64082', 35), ('48126', 45), ('49173', 94), ('53258', 69), ('69252', 58), ('68320', 30), ('67278', 30), ('63201', 58), ('28121', 35), ('40114', 35), ('68446', 35), ('31758', 68), ('32253', 28), ('13708', 35), ('42960', 25), ('57941', 70), ('05739', 24), ('09950', 11), ('01397', 69), ('68720', 25), ('24636', 25), ('09945', 11), ('69225', 30), ('67275', 69), ('63191', 35), ('17730', 17), ('14685', 62), ('08436', 30), ('68132', 10), ('31749', 68), ('05727', 68), ('25318', 11), ('57637', 82), ('67715', 10), ('55375', 58), ('67722', 77), ('05741', 28), ('65717', 46), ('11305', 40), ('68145', 11), ('01996', 17), ('68336', 77), ('57943', 30), ('08425', 66), ('67530', 67), ('62241', 40), ('36927', 27), ('32258', 68), ('09847', 11), ('64209', 47), ('69389', 94), ('39005', 30), ('10888', 11), ('45432', 25), ('07093', 98), ('49180', 17), ('62160', 45), ('27213', 77), ('22954', 35), ('17718', 11), ('34836', 40), ('08915', 9), ('62166', 11), ('05639', 64), ('63789', 10), ('17020', 77), ('51234', 68), ('32329', 11), ('70030', 11), ('27194', 77), ('67177', 68), ('63664', 9), ('57273', 69), ('57640', 82), ('13681', 30), ('17716', 46), ('05227', 30), ('56843', 35), ('28074', 67), ('57278', 35), ('43171', 11), ('13635', 35), ('10159', 77), ('62152', 11), ('65884', 35), ('34834', 38), ('70271', 30), ('70325', 11), ('21890', 17), ('35506', 11), ('14855', 35), ('06335', 35), ('10156', 82), ('32167', 92), ('12320', 38), ('23767', 17), ('14626', 69), ('51068', 10), ('13154', 11), ('01394', 45), ('41008', 98), ('58488', 69), ('69439', 45), ('15031', 30), ('57646', 30), ('51077', 30), ('68093', 47), ('70361', 28), ('01986', 11), ('63233', 35), ('14888', 35), ('51066', 17), ('05628', 35), ('32950', 30), ('65300', 35), ('67578', 10), ('26688', 67), ('64201', 11)]
INFO:root:========================
Epoch: 3 Average loss: 3.6361
INFO:root:Top-1 acc: 11.2403
INFO:root:Top-3 acc: 26.3566
INFO:root:Top-5 acc: 37.5969
INFO:root:Top-10 acc: 51.1628
INFO:root:Top-30 acc: 81.3953
DEBUG:root:mislabelled val. instances: [('51234', 98), ('43171', 54), ('13154', 11), ('24636', 99), ('67177', 82), ('57273', 81), ('32258', 24), ('30830', 24), ('34836', 54), ('31750', 30), ('20976', 11), ('65506', 99), ('56843', 35), ('69440', 34), ('57646', 68), ('70271', 38), ('55356', 69), ('09950', 24), ('67715', 12), ('51068', 27), ('70030', 11), ('19255', 96), ('38525', 27), ('13334', 35), ('67530', 47), ('12336', 96), ('62987', 54), ('58359', 99), ('05628', 35), ('06335', 35), ('28074', 81), ('42840', 34), ('06366', 96), ('63219', 35), ('05727', 78), ('67829', 99), ('69370', 18), ('40126', 96), ('01996', 24), ('67722', 49), ('06845', 34), ('13198', 56), ('62166', 24), ('38482', 34), ('69439', 41), ('68132', 27), ('63662', 81), ('20991', 32), ('06822', 99), ('22954', 35), ('34685', 16), ('22117', 16), ('67535', 22), ('24649', 96), ('17718', 52), ('68093', 99), ('28119', 38), ('68145', 11), ('45432', 99), ('31758', 68), ('13196', 74), ('11305', 54), ('13325', 30), ('08925', 47), ('49180', 24), ('06360', 16), ('64209', 11), ('62152', 17), ('21933', 54), ('11772', 47), ('10156', 82), ('05227', 32), ('06370', 50), ('64210', 18), ('11311', 60), ('40114', 35), ('34743', 23), ('58488', 96), ('69269', 11), ('11318', 17), ('06455', 47), ('57278', 16), ('67578', 27), ('05741', 47), ('51233', 12), ('57640', 85), ('64097', 34), ('62160', 12), ('09945', 11), ('13710', 27), ('69389', 65), ('41008', 83), ('28187', 11), ('18316', 27), ('68446', 83), ('01986', 24), ('13635', 35), ('12320', 32), ('63191', 96), ('48115', 96), ('14621', 69), ('13681', 32), ('00625', 27), ('07383', 41), ('51077', 52), ('26984', 35), ('33286', 34), ('17716', 49), ('45252', 68), ('12306', 81), ('70119', 12), ('24960', 27), ('62247', 55), ('65415', 16), ('38982', 54), ('06326', 27), ('57944', 16), ('05735', 16), ('70026', 27), ('14888', 16), ('64297', 12), ('32167', 72), ('39005', 32), ('14685', 20), ('11752', 35), ('14883', 80), ('28121', 16), ('31749', 68), ('05639', 34), ('18326', 49), ('38531', 99), ('66111', 24), ('57943', 20), ('49173', 16), ('65717', 96), ('69433', 54), ('07957', 47), ('55375', 78), ('03004', 94), ('63226', 22), ('56552', 81), ('22109', 96), ('36927', 27), ('14855', 35), ('35513', 11), ('08436', 72), ('68720', 99), ('69252', 27), ('06483', 47), ('17020', 96), ('32253', 47), ('10888', 11), ('70237', 99), ('26688', 27), ('25318', 11), ('05739', 24), ('68320', 30), ('70361', 27), ('23767', 17), ('62975', 54), ('38991', 32), ('69257', 54), ('32246', 24), ('69225', 32), ('63233', 16), ('56835', 35), ('64082', 35), ('35506', 11), ('00635', 54), ('07095', 20), ('13708', 35), ('50050', 20), ('67908', 50), ('27194', 69), ('08429', 34), ('70234', 99), ('42960', 6), ('02997', 35), ('26723', 27), ('68636', 30), ('42953', 99), ('36940', 34), ('00634', 20), ('08425', 72), ('34834', 32), ('01394', 12), ('01386', 16), ('12332', 27), ('67278', 23), ('49179', 99), ('32950', 11), ('21944', 80), ('42842', 11), ('48126', 34), ('17024', 96), ('58502', 96), ('70029', 27), ('06481', 27), ('24857', 68), ('65761', 94), ('32329', 18), ('62967', 27), ('67949', 47), ('67519', 32), ('21890', 24), ('37879', 99), ('57941', 56), ('10159', 96), ('14673', 32), ('63201', 34), ('65884', 16), ('63675', 1), ('01397', 27), ('51066', 58), ('70325', 11), ('49577', 24), ('17730', 27), ('64293', 27), ('27213', 96), ('28201', 18), ('19262', 98), ('69431', 16), ('34822', 54), ('67579', 61), ('57637', 85), ('62241', 54), ('68810', 62), ('17097', 12), ('63664', 16)]
INFO:root:========================
Epoch: 4 Average loss: 3.2187
INFO:root:Top-1 acc: 17.8295
INFO:root:Top-3 acc: 33.7209
INFO:root:Top-5 acc: 44.9612
INFO:root:Top-10 acc: 57.7519
INFO:root:Top-30 acc: 82.1705
DEBUG:root:mislabelled val. instances: [('01996', 82), ('67278', 23), ('57637', 59), ('10888', 11), ('06483', 28), ('21890', 24), ('69440', 45), ('68446', 83), ('37879', 74), ('65717', 58), ('08429', 45), ('22109', 58), ('58359', 74), ('13198', 11), ('34743', 23), ('67715', 41), ('26723', 28), ('51077', 20), ('18316', 67), ('64201', 49), ('68320', 30), ('69252', 67), ('01986', 24), ('62152', 17), ('28121', 35), ('08436', 21), ('19255', 58), ('58502', 96), ('62975', 54), ('69433', 54), ('50041', 57), ('49180', 24), ('62967', 5), ('70271', 38), ('11752', 67), ('68132', 22), ('24857', 68), ('57941', 93), ('22954', 9), ('63191', 58), ('09945', 11), ('69269', 11), ('28201', 11), ('63201', 58), ('33286', 45), ('01397', 27), ('51068', 27), ('13334', 3), ('69257', 54), ('63226', 59), ('21944', 58), ('57944', 16), ('14855', 16), ('43171', 20), ('67829', 58), ('62987', 54), ('38991', 32), ('32166', 21), ('08425', 54), ('57640', 59), ('67519', 4), ('07400', 80), ('69225', 28), ('65415', 9), ('32950', 17), ('31758', 68), ('67579', 61), ('67908', 50), ('57646', 68), ('63769', 83), ('68336', 29), ('12320', 38), ('01386', 67), ('40126', 18), ('24649', 24), ('31749', 68), ('67177', 57), ('14685', 20), ('50050', 68), ('67578', 88), ('05727', 68), ('23767', 82), ('19262', 49), ('13708', 3), ('64297', 65), ('14883', 58), ('18326', 49), ('17024', 77), ('05735', 35), ('12332', 27), ('34836', 54), ('48115', 49), ('67535', 22), ('63664', 16), ('13325', 4), ('22117', 16), ('25318', 57), ('68810', 11), ('69439', 78), ('70325', 11), ('28074', 81), ('51066', 93), ('56843', 35), ('32246', 21), ('05628', 16), ('68145', 98), ('05741', 28), ('67722', 49), ('62241', 54), ('05639', 63), ('06845', 34), ('17097', 54), ('57943', 11), ('70119', 45), ('12306', 83), ('05227', 28), ('68093', 5), ('24960', 10), ('63219', 16), ('06370', 58), ('06360', 16), ('31750', 4), ('08947', 90), ('65884', 16), ('64209', 19), ('42953', 74), ('21933', 54), ('06366', 49), ('68720', 74), ('57273', 81), ('28119', 5), ('17718', 21), ('17020', 49), ('00625', 5), ('63789', 49), ('70237', 99), ('20976', 11), ('38525', 63), ('36927', 28), ('11305', 54), ('51233', 45), ('49577', 24), ('63675', 93), ('69431', 16), ('39005', 32), ('51234', 57), ('42842', 11), ('38982', 54), ('06481', 27), ('64082', 16), ('63662', 67), ('00635', 45), ('70234', 99), ('07383', 74), ('07957', 9), ('67530', 67), ('08925', 28), ('03004', 35), ('49179', 65), ('17716', 49), ('45252', 68), ('34834', 38), ('26688', 27), ('35513', 68), ('00634', 57), ('40114', 16), ('32329', 68), ('13635', 3), ('17730', 28), ('28187', 11), ('32253', 28), ('11772', 59), ('34822', 54), ('35506', 11), ('07095', 21), ('38531', 99), ('05739', 57), ('41008', 77), ('65761', 9), ('24636', 34), ('34685', 16), ('64210', 24), ('57278', 16), ('26984', 3), ('63233', 58), ('06822', 99), ('08915', 71), ('70361', 27), ('06326', 67), ('38482', 75), ('42840', 93), ('32258', 57), ('48126', 45), ('42960', 65), ('13154', 11), ('49173', 93), ('10156', 57), ('66111', 24), ('64097', 22), ('64275', 74), ('70029', 27), ('64293', 65), ('12336', 96), ('55356', 29), ('70030', 21), ('62247', 55), ('06335', 16), ('58488', 17), ('01394', 54), ('30830', 21), ('56835', 9), ('13196', 74)]
